\BOOKMARK [1][-]{section.1}{Introduction}{}% 1
\BOOKMARK [1][-]{section.2}{Background}{}% 2
\BOOKMARK [2][-]{subsection.2.1}{General lack of research in startups}{section.2}% 3
\BOOKMARK [2][-]{subsection.2.2}{Software development in startups}{section.2}% 4
\BOOKMARK [2][-]{subsection.2.3}{Software process improvement in startups}{section.2}% 5
\BOOKMARK [2][-]{subsection.2.4}{Technical debt}{section.2}% 6
\BOOKMARK [1][-]{section.3}{Research methodology}{}% 7
\BOOKMARK [2][-]{subsection.3.1}{Design and execution}{section.3}% 8
\BOOKMARK [2][-]{subsection.3.2}{Data collection}{section.3}% 9
\BOOKMARK [2][-]{subsection.3.3}{Data analysis}{section.3}% 10
\BOOKMARK [2][-]{subsection.3.4}{Theory generation}{section.3}% 11
\BOOKMARK [1][-]{section.4}{Results: Green-field startup model}{}% 12
\BOOKMARK [2][-]{subsection.4.1}{Framework overview}{section.4}% 13
\BOOKMARK [2][-]{subsection.4.2}{Severe lack of resources}{section.4}% 14
\BOOKMARK [2][-]{subsection.4.3}{Team is the catalyst of development}{section.4}% 15
\BOOKMARK [2][-]{subsection.4.4}{Evolutionary approach}{section.4}% 16
\BOOKMARK [2][-]{subsection.4.5}{Product quality has low priority}{section.4}% 17
\BOOKMARK [2][-]{subsection.4.6}{Speed-up development}{section.4}% 18
\BOOKMARK [2][-]{subsection.4.7}{Accumulated technical debt}{section.4}% 19
\BOOKMARK [2][-]{subsection.4.8}{Initial growth hinders performance}{section.4}% 20
\BOOKMARK [2][-]{subsection.4.9}{Theory}{section.4}% 21
\BOOKMARK [1][-]{section.5}{Validation}{}% 22
\BOOKMARK [2][-]{subsection.5.1}{Comparison with other frameworks}{section.5}% 23
\BOOKMARK [2][-]{subsection.5.2}{Theoretical categories and existing literature}{section.5}% 24
\BOOKMARK [2][-]{subsection.5.3}{Confounding factors}{section.5}% 25
\BOOKMARK [2][-]{subsection.5.4}{Static assessment of the GSM}{section.5}% 26
\BOOKMARK [1][-]{section.6}{Discussion}{}% 27
\BOOKMARK [1][-]{section.7}{Validity threats}{}% 28
\BOOKMARK [2][-]{subsection.7.1}{Future work}{section.7}% 29
\BOOKMARK [1][-]{section.8}{Conclusion}{}% 30
\BOOKMARK [1][-]{section*.2}{References}{}% 31
\BOOKMARK [1][-]{IEEEbiography.0}{Biographies}{}% 32
\BOOKMARK [2][-]{IEEEbiography.1}{John Doe}{IEEEbiography.0}% 33
\BOOKMARK [2][-]{IEEEbiography.2}{Jane Doe}{IEEEbiography.0}% 34
